<?xml version="1.0" encoding="UTF-8"?>
<testsuite name="com.qrattend.app.ExampleUnitTest" tests="19" skipped="0" failures="0" errors="0" timestamp="2026-03-29T15:14:07" hostname="ATHARVA" time="0.054">
  <properties/>
  <testcase name="testValidateNonce_failsForExpiredTimestamp" classname="com.qrattend.app.ExampleUnitTest" time="0.008"/>
  <testcase name="testEncrypt_producesDifferentOutputEachTime" classname="com.qrattend.app.ExampleUnitTest" time="0.023"/>
  <testcase name="testGenerateNonce_isNotNull" classname="com.qrattend.app.ExampleUnitTest" time="0.001"/>
  <testcase name="testQRPayload_encryptedAndDecrypted" classname="com.qrattend.app.ExampleUnitTest" time="0.005"/>
  <testcase name="testBuildGeoHash_sameCoordinates_sameHash" classname="com.qrattend.app.ExampleUnitTest" time="0.001"/>
  <testcase name="testQRPayload_serializeDeserialize" classname="com.qrattend.app.ExampleUnitTest" time="0.001"/>
  <testcase name="testDecrypt_failsWithWrongKey" classname="com.qrattend.app.ExampleUnitTest" time="0.002"/>
  <testcase name="testIsTimestampFresh_falseForOldTimestamp" classname="com.qrattend.app.ExampleUnitTest" time="0.001"/>
  <testcase name="testGenerateSessionKey_isBase64AndNot256bits" classname="com.qrattend.app.ExampleUnitTest" time="0.001"/>
  <testcase name="testBuildGeoHash_notNull" classname="com.qrattend.app.ExampleUnitTest" time="0.001"/>
  <testcase name="testBuildGeoHash_differentCoordinates_differentHash" classname="com.qrattend.app.ExampleUnitTest" time="0.0"/>
  <testcase name="testValidateNonce_passesForFreshNonce" classname="com.qrattend.app.ExampleUnitTest" time="0.0"/>
  <testcase name="testGenerateNonce_twoNoncesAreDifferent" classname="com.qrattend.app.ExampleUnitTest" time="0.001"/>
  <testcase name="testValidationResult_fail" classname="com.qrattend.app.ExampleUnitTest" time="0.0"/>
  <testcase name="testValidationResult_pass" classname="com.qrattend.app.ExampleUnitTest" time="0.001"/>
  <testcase name="testTwoKeys_areAlwaysDifferent" classname="com.qrattend.app.ExampleUnitTest" time="0.001"/>
  <testcase name="testValidateNonce_failsForMismatchedNonce" classname="com.qrattend.app.ExampleUnitTest" time="0.001"/>
  <testcase name="testEncryptDecrypt_roundTrip" classname="com.qrattend.app.ExampleUnitTest" time="0.003"/>
  <testcase name="testIsTimestampFresh_trueForNow" classname="com.qrattend.app.ExampleUnitTest" time="0.001"/>
  <system-out><![CDATA[]]></system-out>
  <system-err><![CDATA[]]></system-err>
</testsuite>
